<?xml version="1.0" encoding="UTF-8"?>
<!-- Generated by org.testng.reporters.JUnitReportReporter -->
<testsuite hostname="DESKTOP-5REPIVI" failures="0" tests="1" name="com.flipkart.testCases.TC_TotalOrders_007" time="51.957" errors="0" timestamp="2022-12-17T22:22:50 IST" skipped="0">
  <testcase classname="com.flipkart.testCases.TC_TotalOrders_007" name="totalOrders" time="51.957"/>
  <system-out/>
</testsuite> <!-- com.flipkart.testCases.TC_TotalOrders_007 -->
