<?xml version="1.0" encoding="UTF-8"?>
<!-- Generated by org.testng.reporters.JUnitReportReporter -->
<testsuite hostname="DESKTOP-5REPIVI" failures="0" tests="2" name="com.flipkart.testCases.TC_LoginTest_001" time="59.920" errors="0" timestamp="2022-12-17T22:22:50 IST" skipped="0">
  <testcase classname="com.flipkart.testCases.TC_LoginTest_001" name="TitleCheckTest" time="0.037"/>
  <system-out/>
  <testcase classname="com.flipkart.testCases.TC_LoginTest_001" name="loginTest" time="59.883"/>
  <system-out/>
</testsuite> <!-- com.flipkart.testCases.TC_LoginTest_001 -->
